# JRE version: OpenJDK Runtime Environment (8.0_191-b12) (build 1.8.0_191-8u191-b12-2ubuntu0.16.04.1-b12)
# Java VM: OpenJDK 64-Bit Server VM (25.191-b12 mixed mode linux-amd64 compressed oops)
Heap:
 garbage-first heap   total 423936K, used 256678K [0x00000000c0000000, 0x00000000c0100cf0, 0x0000000100000000)
  region size 1024K, 30 young (30720K), 5 survivors (5120K)
 Metaspace       used 214546K, capacity 236284K, committed 236636K, reserved 1253376K
  class space    used 26307K, capacity 32783K, committed 32920K, reserved 1048576K
GC Heap History (10 events):
Event: 6678,451 GC heap before
{Heap before GC invocations=417 (full 1):
 garbage-first heap   total 267264K, used 217229K [0x00000000c0000000, 0x00000000c0100828, 0x0000000100000000)
  region size 1024K, 13 young (13312K), 3 survivors (3072K)
 Metaspace       used 213235K, capacity 235072K, committed 235228K, reserved 1251328K
  class space    used 26190K, capacity 32729K, committed 32792K, reserved 1048576K
Event: 6678,494 GC heap after
Heap after GC invocations=418 (full 1):
 garbage-first heap   total 267264K, used 196293K [0x00000000c0000000, 0x00000000c0100828, 0x0000000100000000)
  region size 1024K, 2 young (2048K), 2 survivors (2048K)
 Metaspace       used 213235K, capacity 235072K, committed 235228K, reserved 1251328K
  class space    used 26190K, capacity 32729K, committed 32792K, reserved 1048576K
}
Event: 6679,221 GC heap before
{Heap before GC invocations=418 (full 1):
 garbage-first heap   total 267264K, used 235205K [0x00000000c0000000, 0x00000000c0100828, 0x0000000100000000)
  region size 1024K, 40 young (40960K), 2 survivors (2048K)
 Metaspace       used 213236K, capacity 235072K, committed 235228K, reserved 1251328K
  class space    used 26190K, capacity 32729K, committed 32792K, reserved 1048576K
Event: 6679,260 GC heap after
Heap after GC invocations=419 (full 1):
 garbage-first heap   total 423936K, used 199224K [0x00000000c0000000, 0x00000000c0100cf0, 0x0000000100000000)
  region size 1024K, 5 young (5120K), 5 survivors (5120K)
 Metaspace       used 213236K, capacity 235072K, committed 235228K, reserved 1251328K
  class space    used 26190K, capacity 32729K, committed 32792K, reserved 1048576K
}
Event: 6695,724 GC heap before
{Heap before GC invocations=419 (full 1):
 garbage-first heap   total 423936K, used 371256K [0x00000000c0000000, 0x00000000c0100cf0, 0x0000000100000000)
  region size 1024K, 173 young (177152K), 5 survivors (5120K)
 Metaspace       used 213532K, capacity 235474K, committed 235612K, reserved 1251328K
  class space    used 26243K, capacity 32798K, committed 32920K, reserved 1048576K
Event: 6695,746 GC heap after
Heap after GC invocations=420 (full 1):
 garbage-first heap   total 423936K, used 205509K [0x00000000c0000000, 0x00000000c0100cf0, 0x0000000100000000)
  region size 1024K, 11 young (11264K), 11 survivors (11264K)
 Metaspace       used 213532K, capacity 235474K, committed 235612K, reserved 1251328K
  class space    used 26243K, capacity 32798K, committed 32920K, reserved 1048576K
}
Event: 7015,747 GC heap before
{Heap before GC invocations=421 (full 1):
 garbage-first heap   total 423936K, used 367301K [0x00000000c0000000, 0x00000000c0100cf0, 0x0000000100000000)
  region size 1024K, 169 young (173056K), 11 survivors (11264K)
 Metaspace       used 213700K, capacity 235668K, committed 235868K, reserved 1253376K
  class space    used 26253K, capacity 32835K, committed 32920K, reserved 1048576K
Event: 7015,777 GC heap after
Heap after GC invocations=422 (full 1):
 garbage-first heap   total 423936K, used 198341K [0x00000000c0000000, 0x00000000c0100cf0, 0x0000000100000000)
  region size 1024K, 4 young (4096K), 4 survivors (4096K)
 Metaspace       used 213700K, capacity 235668K, committed 235868K, reserved 1253376K
  class space    used 26253K, capacity 32835K, committed 32920K, reserved 1048576K
}
Event: 7241,596 GC heap before
{Heap before GC invocations=422 (full 1):
 garbage-first heap   total 423936K, used 372421K [0x00000000c0000000, 0x00000000c0100cf0, 0x0000000100000000)
  region size 1024K, 175 young (179200K), 4 survivors (4096K)
 Metaspace       used 214282K, capacity 236006K, committed 236124K, reserved 1253376K
  class space    used 26319K, capacity 32876K, committed 32920K, reserved 1048576K
Event: 7241,617 GC heap after
Heap after GC invocations=423 (full 1):
 garbage-first heap   total 423936K, used 198810K [0x00000000c0000000, 0x00000000c0100cf0, 0x0000000100000000)
  region size 1024K, 5 young (5120K), 5 survivors (5120K)
 Metaspace       used 214282K, capacity 236006K, committed 236124K, reserved 1253376K
  class space    used 26319K, capacity 32876K, committed 32920K, reserved 1048576K
}

