# JRE version: OpenJDK Runtime Environment (8.0_191-b12) (build 1.8.0_191-8u191-b12-2ubuntu0.16.04.1-b12)
# Java VM: OpenJDK 64-Bit Server VM (25.191-b12 mixed mode linux-amd64 compressed oops)
Heap:
 garbage-first heap   total 429056K, used 383047K [0x00000000c0000000, 0x00000000c0100d18, 0x0000000100000000)
  region size 1024K, 114 young (116736K), 2 survivors (2048K)
 Metaspace       used 240640K, capacity 265492K, committed 265728K, reserved 1277952K
  class space    used 29380K, capacity 36608K, committed 36608K, reserved 1048576K
GC Heap History (10 events):
Event: 26737,878 GC heap before
{Heap before GC invocations=761 (full 0):
 garbage-first heap   total 429056K, used 380944K [0x00000000c0000000, 0x00000000c0100d18, 0x0000000100000000)
  region size 1024K, 161 young (164864K), 3 survivors (3072K)
 Metaspace       used 239855K, capacity 264404K, committed 264576K, reserved 1277952K
  class space    used 29272K, capacity 36460K, committed 36480K, reserved 1048576K
Event: 26737,911 GC heap after
Heap after GC invocations=762 (full 0):
 garbage-first heap   total 429056K, used 221971K [0x00000000c0000000, 0x00000000c0100d18, 0x0000000100000000)
  region size 1024K, 6 young (6144K), 6 survivors (6144K)
 Metaspace       used 239855K, capacity 264404K, committed 264576K, reserved 1277952K
  class space    used 29272K, capacity 36460K, committed 36480K, reserved 1048576K
}
Event: 27049,695 GC heap before
{Heap before GC invocations=762 (full 0):
 garbage-first heap   total 429056K, used 377619K [0x00000000c0000000, 0x00000000c0100d18, 0x0000000100000000)
  region size 1024K, 158 young (161792K), 6 survivors (6144K)
 Metaspace       used 239869K, capacity 264404K, committed 264576K, reserved 1277952K
  class space    used 29272K, capacity 36460K, committed 36480K, reserved 1048576K
Event: 27049,720 GC heap after
Heap after GC invocations=763 (full 0):
 garbage-first heap   total 429056K, used 223760K [0x00000000c0000000, 0x00000000c0100d18, 0x0000000100000000)
  region size 1024K, 8 young (8192K), 8 survivors (8192K)
 Metaspace       used 239869K, capacity 264404K, committed 264576K, reserved 1277952K
  class space    used 29272K, capacity 36460K, committed 36480K, reserved 1048576K
}
Event: 27621,613 GC heap before
{Heap before GC invocations=764 (full 0):
 garbage-first heap   total 429056K, used 375312K [0x00000000c0000000, 0x00000000c0100d18, 0x0000000100000000)
  region size 1024K, 156 young (159744K), 8 survivors (8192K)
 Metaspace       used 239903K, capacity 264464K, committed 264704K, reserved 1277952K
  class space    used 29276K, capacity 36486K, committed 36608K, reserved 1048576K
Event: 27621,631 GC heap after
Heap after GC invocations=765 (full 0):
 garbage-first heap   total 429056K, used 222224K [0x00000000c0000000, 0x00000000c0100d18, 0x0000000100000000)
  region size 1024K, 6 young (6144K), 6 survivors (6144K)
 Metaspace       used 239903K, capacity 264464K, committed 264704K, reserved 1277952K
  class space    used 29276K, capacity 36486K, committed 36608K, reserved 1048576K
}
Event: 27740,468 GC heap before
{Heap before GC invocations=765 (full 0):
 garbage-first heap   total 429056K, used 236560K [0x00000000c0000000, 0x00000000c0100d18, 0x0000000100000000)
  region size 1024K, 20 young (20480K), 6 survivors (6144K)
 Metaspace       used 239903K, capacity 264464K, committed 264704K, reserved 1277952K
  class space    used 29276K, capacity 36486K, committed 36608K, reserved 1048576K
Event: 27740,498 GC heap after
Heap after GC invocations=766 (full 0):
 garbage-first heap   total 429056K, used 219742K [0x00000000c0000000, 0x00000000c0100d18, 0x0000000100000000)
  region size 1024K, 3 young (3072K), 3 survivors (3072K)
 Metaspace       used 239903K, capacity 264464K, committed 264704K, reserved 1277952K
  class space    used 29276K, capacity 36486K, committed 36608K, reserved 1048576K
}
Event: 27881,451 GC heap before
{Heap before GC invocations=766 (full 0):
 garbage-first heap   total 429056K, used 279134K [0x00000000c0000000, 0x00000000c0100d18, 0x0000000100000000)
  region size 1024K, 62 young (63488K), 3 survivors (3072K)
 Metaspace       used 239992K, capacity 264648K, committed 264960K, reserved 1277952K
  class space    used 29291K, capacity 36526K, committed 36608K, reserved 1048576K
Event: 27881,488 GC heap after
Heap after GC invocations=767 (full 0):
 garbage-first heap   total 429056K, used 218450K [0x00000000c0000000, 0x00000000c0100d18, 0x0000000100000000)
  region size 1024K, 2 young (2048K), 2 survivors (2048K)
 Metaspace       used 239992K, capacity 264648K, committed 264960K, reserved 1277952K
  class space    used 29291K, capacity 36526K, committed 36608K, reserved 1048576K
}

