# JRE version: OpenJDK Runtime Environment (8.0_191-b12) (build 1.8.0_191-8u191-b12-2ubuntu0.16.04.1-b12)
# Java VM: OpenJDK 64-Bit Server VM (25.191-b12 mixed mode linux-amd64 compressed oops)
Heap:
 garbage-first heap   total 397312K, used 352641K [0x00000000c0000000, 0x00000000c0100c20, 0x0000000100000000)
  region size 1024K, 188 young (192512K), 0 survivors (0K)
 Metaspace       used 175913K, capacity 194685K, committed 194960K, reserved 1216512K
  class space    used 21931K, capacity 27005K, committed 27056K, reserved 1048576K
GC Heap History (10 events):
Event: 3522,069 GC heap before
{Heap before GC invocations=59 (full 3):
 garbage-first heap   total 397312K, used 337084K [0x00000000c0000000, 0x00000000c0100c20, 0x0000000100000000)
  region size 1024K, 170 young (174080K), 17 survivors (17408K)
 Metaspace       used 169194K, capacity 187697K, committed 188048K, reserved 1210368K
  class space    used 21165K, capacity 26161K, committed 26288K, reserved 1048576K
Event: 3522,086 GC heap after
Heap after GC invocations=60 (full 3):
 garbage-first heap   total 397312K, used 177340K [0x00000000c0000000, 0x00000000c0100c20, 0x0000000100000000)
  region size 1024K, 14 young (14336K), 14 survivors (14336K)
 Metaspace       used 169194K, capacity 187697K, committed 188048K, reserved 1210368K
  class space    used 21165K, capacity 26161K, committed 26288K, reserved 1048576K
}
Event: 3591,835 GC heap before
{Heap before GC invocations=60 (full 3):
 garbage-first heap   total 397312K, used 340156K [0x00000000c0000000, 0x00000000c0100c20, 0x0000000100000000)
  region size 1024K, 173 young (177152K), 14 survivors (14336K)
 Metaspace       used 171958K, capacity 190839K, committed 191120K, reserved 1214464K
  class space    used 21592K, capacity 26727K, committed 26800K, reserved 1048576K
Event: 3591,856 GC heap after
Heap after GC invocations=61 (full 3):
 garbage-first heap   total 397312K, used 175292K [0x00000000c0000000, 0x00000000c0100c20, 0x0000000100000000)
  region size 1024K, 12 young (12288K), 12 survivors (12288K)
 Metaspace       used 171958K, capacity 190839K, committed 191120K, reserved 1214464K
  class space    used 21592K, capacity 26727K, committed 26800K, reserved 1048576K
}
Event: 3775,659 GC heap before
{Heap before GC invocations=61 (full 3):
 garbage-first heap   total 397312K, used 342204K [0x00000000c0000000, 0x00000000c0100c20, 0x0000000100000000)
  region size 1024K, 175 young (179200K), 12 survivors (12288K)
 Metaspace       used 172155K, capacity 190985K, committed 191120K, reserved 1214464K
  class space    used 21596K, capacity 26730K, committed 26800K, reserved 1048576K
Event: 3775,677 GC heap after
Heap after GC invocations=62 (full 3):
 garbage-first heap   total 397312K, used 173756K [0x00000000c0000000, 0x00000000c0100c20, 0x0000000100000000)
  region size 1024K, 10 young (10240K), 10 survivors (10240K)
 Metaspace       used 172155K, capacity 190985K, committed 191120K, reserved 1214464K
  class space    used 21596K, capacity 26730K, committed 26800K, reserved 1048576K
}
Event: 4527,415 GC heap before
{Heap before GC invocations=62 (full 3):
 garbage-first heap   total 397312K, used 264892K [0x00000000c0000000, 0x00000000c0100c20, 0x0000000100000000)
  region size 1024K, 100 young (102400K), 10 survivors (10240K)
 Metaspace       used 172193K, capacity 191049K, committed 191376K, reserved 1214464K
  class space    used 21596K, capacity 26730K, committed 26800K, reserved 1048576K
Event: 4528,066 GC heap after
Heap after GC invocations=63 (full 4):
 garbage-first heap   total 397312K, used 128711K [0x00000000c0000000, 0x00000000c0100c20, 0x0000000100000000)
  region size 1024K, 0 young (0K), 0 survivors (0K)
 Metaspace       used 172027K, capacity 190775K, committed 191376K, reserved 1214464K
  class space    used 21570K, capacity 26681K, committed 26800K, reserved 1048576K
}
Event: 4583,980 GC heap before
{Heap before GC invocations=63 (full 4):
 garbage-first heap   total 397312K, used 158407K [0x00000000c0000000, 0x00000000c0100c20, 0x0000000100000000)
  region size 1024K, 30 young (30720K), 0 survivors (0K)
 Metaspace       used 173495K, capacity 192323K, committed 192784K, reserved 1214464K
  class space    used 21695K, capacity 26817K, committed 26928K, reserved 1048576K
Event: 4584,590 GC heap after
Heap after GC invocations=64 (full 5):
 garbage-first heap   total 397312K, used 127861K [0x00000000c0000000, 0x00000000c0100c20, 0x0000000100000000)
  region size 1024K, 0 young (0K), 0 survivors (0K)
 Metaspace       used 173448K, capacity 192245K, committed 192784K, reserved 1214464K
  class space    used 21688K, capacity 26804K, committed 26928K, reserved 1048576K
}

