# JRE version: OpenJDK Runtime Environment (8.0_191-b12) (build 1.8.0_191-8u191-b12-2ubuntu0.16.04.1-b12)
# Java VM: OpenJDK 64-Bit Server VM (25.191-b12 mixed mode linux-amd64 compressed oops)
Heap:
 garbage-first heap   total 590848K, used 291714K [0x00000000c0000000, 0x00000000c0101208, 0x0000000100000000)
  region size 1024K, 37 young (37888K), 20 survivors (20480K)
 Metaspace       used 143001K, capacity 156282K, committed 156824K, reserved 1183744K
  class space    used 17515K, capacity 21519K, committed 21656K, reserved 1048576K
GC Heap History (10 events):
Event: 1233,936 GC heap before
{Heap before GC invocations=522 (full 0):
 garbage-first heap   total 590848K, used 527266K [0x00000000c0000000, 0x00000000c0101208, 0x0000000100000000)
  region size 1024K, 253 young (259072K), 1 survivors (1024K)
 Metaspace       used 142158K, capacity 155442K, committed 155928K, reserved 1183744K
  class space    used 17424K, capacity 21396K, committed 21528K, reserved 1048576K
Event: 1233,950 GC heap after
Heap after GC invocations=523 (full 0):
 garbage-first heap   total 590848K, used 269235K [0x00000000c0000000, 0x00000000c0101208, 0x0000000100000000)
  region size 1024K, 1 young (1024K), 1 survivors (1024K)
 Metaspace       used 142158K, capacity 155442K, committed 155928K, reserved 1183744K
  class space    used 17424K, capacity 21396K, committed 21528K, reserved 1048576K
}
Event: 1234,729 GC heap before
{Heap before GC invocations=523 (full 0):
 garbage-first heap   total 590848K, used 527283K [0x00000000c0000000, 0x00000000c0101208, 0x0000000100000000)
  region size 1024K, 253 young (259072K), 1 survivors (1024K)
 Metaspace       used 142158K, capacity 155442K, committed 155928K, reserved 1183744K
  class space    used 17424K, capacity 21396K, committed 21528K, reserved 1048576K
Event: 1234,742 GC heap after
Heap after GC invocations=524 (full 0):
 garbage-first heap   total 590848K, used 269242K [0x00000000c0000000, 0x00000000c0101208, 0x0000000100000000)
  region size 1024K, 1 young (1024K), 1 survivors (1024K)
 Metaspace       used 142158K, capacity 155442K, committed 155928K, reserved 1183744K
  class space    used 17424K, capacity 21396K, committed 21528K, reserved 1048576K
}
Event: 1235,658 GC heap before
{Heap before GC invocations=525 (full 0):
 garbage-first heap   total 590848K, used 527290K [0x00000000c0000000, 0x00000000c0101208, 0x0000000100000000)
  region size 1024K, 253 young (259072K), 1 survivors (1024K)
 Metaspace       used 142158K, capacity 155442K, committed 155928K, reserved 1183744K
  class space    used 17424K, capacity 21396K, committed 21528K, reserved 1048576K
Event: 1235,680 GC heap after
Heap after GC invocations=526 (full 0):
 garbage-first heap   total 590848K, used 269238K [0x00000000c0000000, 0x00000000c0101208, 0x0000000100000000)
  region size 1024K, 1 young (1024K), 1 survivors (1024K)
 Metaspace       used 142158K, capacity 155442K, committed 155928K, reserved 1183744K
  class space    used 17424K, capacity 21396K, committed 21528K, reserved 1048576K
}
Event: 1236,627 GC heap before
{Heap before GC invocations=526 (full 0):
 garbage-first heap   total 590848K, used 527286K [0x00000000c0000000, 0x00000000c0101208, 0x0000000100000000)
  region size 1024K, 253 young (259072K), 1 survivors (1024K)
 Metaspace       used 142215K, capacity 155444K, committed 155928K, reserved 1183744K
  class space    used 17429K, capacity 21398K, committed 21528K, reserved 1048576K
Event: 1236,661 GC heap after
Heap after GC invocations=527 (full 0):
 garbage-first heap   total 590848K, used 276536K [0x00000000c0000000, 0x00000000c0101208, 0x0000000100000000)
  region size 1024K, 8 young (8192K), 8 survivors (8192K)
 Metaspace       used 142215K, capacity 155444K, committed 155928K, reserved 1183744K
  class space    used 17429K, capacity 21398K, committed 21528K, reserved 1048576K
}
Event: 1495,359 GC heap before
{Heap before GC invocations=527 (full 0):
 garbage-first heap   total 590848K, used 365624K [0x00000000c0000000, 0x00000000c0101208, 0x0000000100000000)
  region size 1024K, 96 young (98304K), 8 survivors (8192K)
 Metaspace       used 142841K, capacity 156242K, committed 156568K, reserved 1183744K
  class space    used 17502K, capacity 21535K, committed 21656K, reserved 1048576K
Event: 1495,394 GC heap after
Heap after GC invocations=528 (full 0):
 garbage-first heap   total 590848K, used 289142K [0x00000000c0000000, 0x00000000c0101208, 0x0000000100000000)
  region size 1024K, 20 young (20480K), 20 survivors (20480K)
 Metaspace       used 142841K, capacity 156242K, committed 156568K, reserved 1183744K
  class space    used 17502K, capacity 21535K, committed 21656K, reserved 1048576K
}

