# JRE version: OpenJDK Runtime Environment (8.0_191-b12) (build 1.8.0_191-8u191-b12-2ubuntu0.16.04.1-b12)
# Java VM: OpenJDK 64-Bit Server VM (25.191-b12 mixed mode linux-amd64 compressed oops)
Heap:
 garbage-first heap   total 545792K, used 353534K [0x00000000c0000000, 0x00000000c01010a8, 0x0000000100000000)
  region size 1024K, 159 young (162816K), 4 survivors (4096K)
 Metaspace       used 173900K, capacity 192648K, committed 193048K, reserved 1214464K
  class space    used 21554K, capacity 27011K, committed 27160K, reserved 1048576K
GC Heap History (10 events):
Event: 1873,640 GC heap before
{Heap before GC invocations=882 (full 0):
 garbage-first heap   total 545792K, used 485030K [0x00000000c0000000, 0x00000000c01010a8, 0x0000000100000000)
  region size 1024K, 319 young (326656K), 1 survivors (1024K)
 Metaspace       used 173013K, capacity 191560K, committed 192152K, reserved 1214464K
  class space    used 21456K, capacity 26917K, committed 27032K, reserved 1048576K
Event: 1873,649 GC heap after
Heap after GC invocations=883 (full 0):
 garbage-first heap   total 545792K, used 159417K [0x00000000c0000000, 0x00000000c01010a8, 0x0000000100000000)
  region size 1024K, 1 young (1024K), 1 survivors (1024K)
 Metaspace       used 173013K, capacity 191560K, committed 192152K, reserved 1214464K
  class space    used 21456K, capacity 26917K, committed 27032K, reserved 1048576K
}
Event: 1874,624 GC heap before
{Heap before GC invocations=883 (full 0):
 garbage-first heap   total 545792K, used 485049K [0x00000000c0000000, 0x00000000c01010a8, 0x0000000100000000)
  region size 1024K, 319 young (326656K), 1 survivors (1024K)
 Metaspace       used 173013K, capacity 191560K, committed 192152K, reserved 1214464K
  class space    used 21456K, capacity 26917K, committed 27032K, reserved 1048576K
Event: 1874,636 GC heap after
Heap after GC invocations=884 (full 0):
 garbage-first heap   total 545792K, used 159413K [0x00000000c0000000, 0x00000000c01010a8, 0x0000000100000000)
  region size 1024K, 1 young (1024K), 1 survivors (1024K)
 Metaspace       used 173013K, capacity 191560K, committed 192152K, reserved 1214464K
  class space    used 21456K, capacity 26917K, committed 27032K, reserved 1048576K
}
Event: 1875,616 GC heap before
{Heap before GC invocations=884 (full 0):
 garbage-first heap   total 545792K, used 485045K [0x00000000c0000000, 0x00000000c01010a8, 0x0000000100000000)
  region size 1024K, 319 young (326656K), 1 survivors (1024K)
 Metaspace       used 173013K, capacity 191560K, committed 192152K, reserved 1214464K
  class space    used 21456K, capacity 26917K, committed 27032K, reserved 1048576K
Event: 1875,629 GC heap after
Heap after GC invocations=885 (full 0):
 garbage-first heap   total 545792K, used 159375K [0x00000000c0000000, 0x00000000c01010a8, 0x0000000100000000)
  region size 1024K, 1 young (1024K), 1 survivors (1024K)
 Metaspace       used 173013K, capacity 191560K, committed 192152K, reserved 1214464K
  class space    used 21456K, capacity 26917K, committed 27032K, reserved 1048576K
}
Event: 1876,605 GC heap before
{Heap before GC invocations=885 (full 0):
 garbage-first heap   total 545792K, used 485007K [0x00000000c0000000, 0x00000000c01010a8, 0x0000000100000000)
  region size 1024K, 319 young (326656K), 1 survivors (1024K)
 Metaspace       used 173013K, capacity 191560K, committed 192152K, reserved 1214464K
  class space    used 21456K, capacity 26917K, committed 27032K, reserved 1048576K
Event: 1876,616 GC heap after
Heap after GC invocations=886 (full 0):
 garbage-first heap   total 545792K, used 159389K [0x00000000c0000000, 0x00000000c01010a8, 0x0000000100000000)
  region size 1024K, 1 young (1024K), 1 survivors (1024K)
 Metaspace       used 173013K, capacity 191560K, committed 192152K, reserved 1214464K
  class space    used 21456K, capacity 26917K, committed 27032K, reserved 1048576K
}
Event: 1877,622 GC heap before
{Heap before GC invocations=886 (full 0):
 garbage-first heap   total 545792K, used 485021K [0x00000000c0000000, 0x00000000c01010a8, 0x0000000100000000)
  region size 1024K, 319 young (326656K), 1 survivors (1024K)
 Metaspace       used 173013K, capacity 191560K, committed 192152K, reserved 1214464K
  class space    used 21456K, capacity 26917K, committed 27032K, reserved 1048576K
Event: 1877,648 GC heap after
Heap after GC invocations=887 (full 0):
 garbage-first heap   total 545792K, used 162546K [0x00000000c0000000, 0x00000000c01010a8, 0x0000000100000000)
  region size 1024K, 4 young (4096K), 4 survivors (4096K)
 Metaspace       used 173013K, capacity 191560K, committed 192152K, reserved 1214464K
  class space    used 21456K, capacity 26917K, committed 27032K, reserved 1048576K
}

