# JRE version: OpenJDK Runtime Environment (8.0_191-b12) (build 1.8.0_191-8u191-b12-2ubuntu0.16.04.1-b12)
# Java VM: OpenJDK 64-Bit Server VM (25.191-b12 mixed mode linux-amd64 compressed oops)
Heap:
 garbage-first heap   total 419840K, used 286604K [0x00000000c0000000, 0x00000000c0100cd0, 0x0000000100000000)
  region size 1024K, 115 young (117760K), 15 survivors (15360K)
 Metaspace       used 157076K, capacity 174166K, committed 174792K, reserved 1200128K
  class space    used 19357K, capacity 24089K, committed 24268K, reserved 1048576K
GC Heap History (10 events):
Event: 126,512 GC heap before
{Heap before GC invocations=40 (full 0):
 garbage-first heap   total 419840K, used 351056K [0x00000000c0000000, 0x00000000c0100cd0, 0x0000000100000000)
  region size 1024K, 185 young (189440K), 25 survivors (25600K)
 Metaspace       used 147112K, capacity 162562K, committed 162888K, reserved 1189888K
  class space    used 18308K, capacity 22787K, committed 22860K, reserved 1048576K
Event: 126,561 GC heap after
Heap after GC invocations=41 (full 0):
 garbage-first heap   total 419840K, used 200276K [0x00000000c0000000, 0x00000000c0100cd0, 0x0000000100000000)
  region size 1024K, 14 young (14336K), 14 survivors (14336K)
 Metaspace       used 147112K, capacity 162562K, committed 162888K, reserved 1189888K
  class space    used 18308K, capacity 22787K, committed 22860K, reserved 1048576K
}
Event: 151,443 GC heap before
{Heap before GC invocations=41 (full 0):
 garbage-first heap   total 419840K, used 362068K [0x00000000c0000000, 0x00000000c0100cd0, 0x0000000100000000)
  region size 1024K, 172 young (176128K), 14 survivors (14336K)
 Metaspace       used 148334K, capacity 163990K, committed 164296K, reserved 1189888K
  class space    used 18418K, capacity 22876K, committed 22988K, reserved 1048576K
Event: 151,480 GC heap after
Heap after GC invocations=42 (full 0):
 garbage-first heap   total 419840K, used 199252K [0x00000000c0000000, 0x00000000c0100cd0, 0x0000000100000000)
  region size 1024K, 13 young (13312K), 13 survivors (13312K)
 Metaspace       used 148334K, capacity 163990K, committed 164296K, reserved 1189888K
  class space    used 18418K, capacity 22876K, committed 22988K, reserved 1048576K
}
Event: 180,647 GC heap before
{Heap before GC invocations=42 (full 0):
 garbage-first heap   total 419840K, used 363092K [0x00000000c0000000, 0x00000000c0100cd0, 0x0000000100000000)
  region size 1024K, 173 young (177152K), 13 survivors (13312K)
 Metaspace       used 148772K, capacity 164302K, committed 164552K, reserved 1191936K
  class space    used 18436K, capacity 22889K, committed 22988K, reserved 1048576K
Event: 180,668 GC heap after
Heap after GC invocations=43 (full 0):
 garbage-first heap   total 419840K, used 200276K [0x00000000c0000000, 0x00000000c0100cd0, 0x0000000100000000)
  region size 1024K, 14 young (14336K), 14 survivors (14336K)
 Metaspace       used 148772K, capacity 164302K, committed 164552K, reserved 1191936K
  class space    used 18436K, capacity 22889K, committed 22988K, reserved 1048576K
}
Event: 1761,073 GC heap before
{Heap before GC invocations=43 (full 0):
 garbage-first heap   total 419840K, used 362068K [0x00000000c0000000, 0x00000000c0100cd0, 0x0000000100000000)
  region size 1024K, 172 young (176128K), 14 survivors (14336K)
 Metaspace       used 152597K, capacity 169550K, committed 169800K, reserved 1196032K
  class space    used 18930K, capacity 23610K, committed 23628K, reserved 1048576K
Event: 1761,121 GC heap after
Heap after GC invocations=44 (full 0):
 garbage-first heap   total 419840K, used 206816K [0x00000000c0000000, 0x00000000c0100cd0, 0x0000000100000000)
  region size 1024K, 15 young (15360K), 15 survivors (15360K)
 Metaspace       used 152597K, capacity 169550K, committed 169800K, reserved 1196032K
  class space    used 18930K, capacity 23610K, committed 23628K, reserved 1048576K
}
Event: 2038,541 GC heap before
{Heap before GC invocations=44 (full 0):
 garbage-first heap   total 419840K, used 360416K [0x00000000c0000000, 0x00000000c0100cd0, 0x0000000100000000)
  region size 1024K, 165 young (168960K), 15 survivors (15360K)
 Metaspace       used 156411K, capacity 173456K, committed 173640K, reserved 1198080K
  class space    used 19287K, capacity 24063K, committed 24140K, reserved 1048576K
Event: 2038,569 GC heap after
Heap after GC invocations=45 (full 0):
 garbage-first heap   total 419840K, used 207328K [0x00000000c0000000, 0x00000000c0100cd0, 0x0000000100000000)
  region size 1024K, 15 young (15360K), 15 survivors (15360K)
 Metaspace       used 156411K, capacity 173456K, committed 173640K, reserved 1198080K
  class space    used 19287K, capacity 24063K, committed 24140K, reserved 1048576K
}

