# JRE version: OpenJDK Runtime Environment (8.0_191-b12) (build 1.8.0_191-8u191-b12-2ubuntu0.16.04.1-b12)
# Java VM: OpenJDK 64-Bit Server VM (25.191-b12 mixed mode linux-amd64 compressed oops)
Heap:
 garbage-first heap   total 604160K, used 398397K [0x00000000c0000000, 0x00000000c0101270, 0x0000000100000000)
  region size 1024K, 34 young (34816K), 13 survivors (13312K)
 Metaspace       used 197736K, capacity 218948K, committed 219724K, reserved 1239040K
  class space    used 24550K, capacity 30460K, committed 30796K, reserved 1048576K
GC Heap History (10 events):
Event: 1625,582 GC heap before
{Heap before GC invocations=802 (full 0):
 garbage-first heap   total 604160K, used 540288K [0x00000000c0000000, 0x00000000c0101270, 0x0000000100000000)
  region size 1024K, 204 young (208896K), 1 survivors (1024K)
 Metaspace       used 196830K, capacity 217850K, committed 218188K, reserved 1236992K
  class space    used 24481K, capacity 30447K, committed 30540K, reserved 1048576K
Event: 1625,595 GC heap after
Heap after GC invocations=803 (full 0):
 garbage-first heap   total 604160K, used 332439K [0x00000000c0000000, 0x00000000c0101270, 0x0000000100000000)
  region size 1024K, 1 young (1024K), 1 survivors (1024K)
 Metaspace       used 196830K, capacity 217850K, committed 218188K, reserved 1236992K
  class space    used 24481K, capacity 30447K, committed 30540K, reserved 1048576K
}
Event: 1626,175 GC heap before
{Heap before GC invocations=803 (full 0):
 garbage-first heap   total 604160K, used 540311K [0x00000000c0000000, 0x00000000c0101270, 0x0000000100000000)
  region size 1024K, 204 young (208896K), 1 survivors (1024K)
 Metaspace       used 196830K, capacity 217850K, committed 218188K, reserved 1236992K
  class space    used 24481K, capacity 30447K, committed 30540K, reserved 1048576K
Event: 1626,189 GC heap after
Heap after GC invocations=804 (full 0):
 garbage-first heap   total 604160K, used 332410K [0x00000000c0000000, 0x00000000c0101270, 0x0000000100000000)
  region size 1024K, 1 young (1024K), 1 survivors (1024K)
 Metaspace       used 196830K, capacity 217850K, committed 218188K, reserved 1236992K
  class space    used 24481K, capacity 30447K, committed 30540K, reserved 1048576K
}
Event: 1626,845 GC heap before
{Heap before GC invocations=804 (full 0):
 garbage-first heap   total 604160K, used 540282K [0x00000000c0000000, 0x00000000c0101270, 0x0000000100000000)
  region size 1024K, 204 young (208896K), 1 survivors (1024K)
 Metaspace       used 196830K, capacity 217850K, committed 218188K, reserved 1236992K
  class space    used 24481K, capacity 30447K, committed 30540K, reserved 1048576K
Event: 1626,873 GC heap after
Heap after GC invocations=805 (full 0):
 garbage-first heap   total 604160K, used 332417K [0x00000000c0000000, 0x00000000c0101270, 0x0000000100000000)
  region size 1024K, 1 young (1024K), 1 survivors (1024K)
 Metaspace       used 196830K, capacity 217850K, committed 218188K, reserved 1236992K
  class space    used 24481K, capacity 30447K, committed 30540K, reserved 1048576K
}
Event: 1674,141 GC heap before
{Heap before GC invocations=806 (full 0):
 garbage-first heap   total 604160K, used 540289K [0x00000000c0000000, 0x00000000c0101270, 0x0000000100000000)
  region size 1024K, 204 young (208896K), 1 survivors (1024K)
 Metaspace       used 197146K, capacity 218262K, committed 218828K, reserved 1236992K
  class space    used 24520K, capacity 30519K, committed 30668K, reserved 1048576K
Event: 1674,173 GC heap after
Heap after GC invocations=807 (full 0):
 garbage-first heap   total 604160K, used 355306K [0x00000000c0000000, 0x00000000c0101270, 0x0000000100000000)
  region size 1024K, 23 young (23552K), 23 survivors (23552K)
 Metaspace       used 197146K, capacity 218262K, committed 218828K, reserved 1236992K
  class space    used 24520K, capacity 30519K, committed 30668K, reserved 1048576K
}
Event: 1676,132 GC heap before
{Heap before GC invocations=807 (full 0):
 garbage-first heap   total 604160K, used 398314K [0x00000000c0000000, 0x00000000c0101270, 0x0000000100000000)
  region size 1024K, 66 young (67584K), 23 survivors (23552K)
 Metaspace       used 197639K, capacity 218926K, committed 219468K, reserved 1239040K
  class space    used 24578K, capacity 30626K, committed 30796K, reserved 1048576K
Event: 1676,166 GC heap after
Heap after GC invocations=808 (full 0):
 garbage-first heap   total 604160K, used 345649K [0x00000000c0000000, 0x00000000c0101270, 0x0000000100000000)
  region size 1024K, 13 young (13312K), 13 survivors (13312K)
 Metaspace       used 197639K, capacity 218926K, committed 219468K, reserved 1239040K
  class space    used 24578K, capacity 30626K, committed 30796K, reserved 1048576K
}

