# JRE version: OpenJDK Runtime Environment (8.0_191-b12) (build 1.8.0_191-8u191-b12-2ubuntu0.16.04.1-b12)
# Java VM: OpenJDK 64-Bit Server VM (25.191-b12 mixed mode linux-amd64 compressed oops)
Heap:
 garbage-first heap   total 456704K, used 214409K [0x00000000c0000000, 0x00000000c0100df0, 0x0000000100000000)
  region size 1024K, 42 young (43008K), 7 survivors (7168K)
 Metaspace       used 169766K, capacity 187884K, committed 187940K, reserved 1210368K
  class space    used 21462K, capacity 26635K, committed 26660K, reserved 1048576K
GC Heap History (10 events):
Event: 335,915 GC heap before
{Heap before GC invocations=36 (full 2):
 garbage-first heap   total 527360K, used 415197K [0x00000000c0000000, 0x00000000c0101018, 0x0000000100000000)
  region size 1024K, 284 young (290816K), 24 survivors (24576K)
 Metaspace       used 160913K, capacity 177906K, committed 178212K, reserved 1202176K
  class space    used 20381K, capacity 25352K, committed 25380K, reserved 1048576K
Event: 335,977 GC heap after
Heap after GC invocations=37 (full 2):
 garbage-first heap   total 527360K, used 159197K [0x00000000c0000000, 0x00000000c0101018, 0x0000000100000000)
  region size 1024K, 34 young (34816K), 34 survivors (34816K)
 Metaspace       used 160913K, capacity 177906K, committed 178212K, reserved 1202176K
  class space    used 20381K, capacity 25352K, committed 25380K, reserved 1048576K
}
Event: 344,921 GC heap before
{Heap before GC invocations=37 (full 2):
 garbage-first heap   total 527360K, used 330205K [0x00000000c0000000, 0x00000000c0101018, 0x0000000100000000)
  region size 1024K, 202 young (206848K), 34 survivors (34816K)
 Metaspace       used 166220K, capacity 184156K, committed 184484K, reserved 1208320K
  class space    used 21112K, capacity 26223K, committed 26276K, reserved 1048576K
Event: 345,516 GC heap after
Heap after GC invocations=38 (full 3):
 garbage-first heap   total 456704K, used 136835K [0x00000000c0000000, 0x00000000c0100df0, 0x0000000100000000)
  region size 1024K, 0 young (0K), 0 survivors (0K)
 Metaspace       used 166220K, capacity 184156K, committed 184484K, reserved 1208320K
  class space    used 21112K, capacity 26223K, committed 26276K, reserved 1048576K
}
Event: 346,390 GC heap before
{Heap before GC invocations=38 (full 3):
 garbage-first heap   total 456704K, used 369123K [0x00000000c0000000, 0x00000000c0100df0, 0x0000000100000000)
  region size 1024K, 226 young (231424K), 0 survivors (0K)
 Metaspace       used 166348K, capacity 184284K, committed 184484K, reserved 1208320K
  class space    used 21115K, capacity 26223K, committed 26276K, reserved 1048576K
Event: 346,436 GC heap after
Heap after GC invocations=39 (full 3):
 garbage-first heap   total 456704K, used 189082K [0x00000000c0000000, 0x00000000c0100df0, 0x0000000100000000)
  region size 1024K, 29 young (29696K), 29 survivors (29696K)
 Metaspace       used 166348K, capacity 184284K, committed 184484K, reserved 1208320K
  class space    used 21115K, capacity 26223K, committed 26276K, reserved 1048576K
}
Event: 346,777 GC heap before
{Heap before GC invocations=39 (full 3):
 garbage-first heap   total 456704K, used 274074K [0x00000000c0000000, 0x00000000c0100df0, 0x0000000100000000)
  region size 1024K, 113 young (115712K), 29 survivors (29696K)
 Metaspace       used 166435K, capacity 184348K, committed 184484K, reserved 1208320K
  class space    used 21124K, capacity 26223K, committed 26276K, reserved 1048576K
Event: 347,363 GC heap after
Heap after GC invocations=40 (full 4):
 garbage-first heap   total 456704K, used 139133K [0x00000000c0000000, 0x00000000c0100df0, 0x0000000100000000)
  region size 1024K, 0 young (0K), 0 survivors (0K)
 Metaspace       used 166435K, capacity 184348K, committed 184484K, reserved 1208320K
  class space    used 21124K, capacity 26223K, committed 26276K, reserved 1048576K
}
Event: 470,631 GC heap before
{Heap before GC invocations=40 (full 4):
 garbage-first heap   total 456704K, used 370557K [0x00000000c0000000, 0x00000000c0100df0, 0x0000000100000000)
  region size 1024K, 226 young (231424K), 0 survivors (0K)
 Metaspace       used 168940K, capacity 186878K, committed 187044K, reserved 1210368K
  class space    used 21367K, capacity 26519K, committed 26532K, reserved 1048576K
Event: 470,671 GC heap after
Heap after GC invocations=41 (full 4):
 garbage-first heap   total 456704K, used 146301K [0x00000000c0000000, 0x00000000c0100df0, 0x0000000100000000)
  region size 1024K, 7 young (7168K), 7 survivors (7168K)
 Metaspace       used 168940K, capacity 186878K, committed 187044K, reserved 1210368K
  class space    used 21367K, capacity 26519K, committed 26532K, reserved 1048576K
}

