# JRE version: OpenJDK Runtime Environment (8.0_191-b12) (build 1.8.0_191-8u191-b12-2ubuntu0.16.04.1-b12)
# Java VM: OpenJDK 64-Bit Server VM (25.191-b12 mixed mode linux-amd64 compressed oops)
Heap:
 garbage-first heap   total 262144K, used 176279K [0x00000000c0000000, 0x00000000c0100800, 0x0000000100000000)
  region size 1024K, 23 young (23552K), 3 survivors (3072K)
 Metaspace       used 159911K, capacity 177304K, committed 177904K, reserved 1202176K
  class space    used 19937K, capacity 24643K, committed 24872K, reserved 1048576K
GC Heap History (10 events):
Event: 1837,757 GC heap before
{Heap before GC invocations=41 (full 0):
 garbage-first heap   total 262144K, used 227034K [0x00000000c0000000, 0x00000000c0100800, 0x0000000100000000)
  region size 1024K, 100 young (102400K), 2 survivors (2048K)
 Metaspace       used 158844K, capacity 176456K, committed 176880K, reserved 1202176K
  class space    used 19875K, capacity 24722K, committed 24872K, reserved 1048576K
Event: 1837,823 GC heap after
Heap after GC invocations=42 (full 0):
 garbage-first heap   total 262144K, used 127681K [0x00000000c0000000, 0x00000000c0100800, 0x0000000100000000)
  region size 1024K, 3 young (3072K), 3 survivors (3072K)
 Metaspace       used 158844K, capacity 176456K, committed 176880K, reserved 1202176K
  class space    used 19875K, capacity 24722K, committed 24872K, reserved 1048576K
}
Event: 1868,649 GC heap before
{Heap before GC invocations=42 (full 0):
 garbage-first heap   total 262144K, used 228033K [0x00000000c0000000, 0x00000000c0100800, 0x0000000100000000)
  region size 1024K, 101 young (103424K), 3 survivors (3072K)
 Metaspace       used 159110K, capacity 176704K, committed 177136K, reserved 1202176K
  class space    used 19892K, capacity 24762K, committed 24872K, reserved 1048576K
Event: 1868,680 GC heap after
Heap after GC invocations=43 (full 0):
 garbage-first heap   total 262144K, used 128879K [0x00000000c0000000, 0x00000000c0100800, 0x0000000100000000)
  region size 1024K, 4 young (4096K), 4 survivors (4096K)
 Metaspace       used 159110K, capacity 176704K, committed 177136K, reserved 1202176K
  class space    used 19892K, capacity 24762K, committed 24872K, reserved 1048576K
}
Event: 1942,044 GC heap before
{Heap before GC invocations=44 (full 0):
 garbage-first heap   total 262144K, used 229231K [0x00000000c0000000, 0x00000000c0100800, 0x0000000100000000)
  region size 1024K, 102 young (104448K), 4 survivors (4096K)
 Metaspace       used 159151K, capacity 176824K, committed 177392K, reserved 1202176K
  class space    used 19894K, capacity 24750K, committed 24872K, reserved 1048576K
Event: 1942,060 GC heap after
Heap after GC invocations=45 (full 0):
 garbage-first heap   total 262144K, used 128721K [0x00000000c0000000, 0x00000000c0100800, 0x0000000100000000)
  region size 1024K, 4 young (4096K), 4 survivors (4096K)
 Metaspace       used 159151K, capacity 176824K, committed 177392K, reserved 1202176K
  class space    used 19894K, capacity 24750K, committed 24872K, reserved 1048576K
}
Event: 1942,218 GC heap before
{Heap before GC invocations=45 (full 0):
 garbage-first heap   total 262144K, used 136913K [0x00000000c0000000, 0x00000000c0100800, 0x0000000100000000)
  region size 1024K, 12 young (12288K), 4 survivors (4096K)
 Metaspace       used 159307K, capacity 176900K, committed 177392K, reserved 1202176K
  class space    used 19907K, capacity 24752K, committed 24872K, reserved 1048576K
Event: 1942,251 GC heap after
Heap after GC invocations=46 (full 0):
 garbage-first heap   total 262144K, used 122753K [0x00000000c0000000, 0x00000000c0100800, 0x0000000100000000)
  region size 1024K, 2 young (2048K), 2 survivors (2048K)
 Metaspace       used 159307K, capacity 176900K, committed 177392K, reserved 1202176K
  class space    used 19907K, capacity 24752K, committed 24872K, reserved 1048576K
}
Event: 1944,160 GC heap before
{Heap before GC invocations=46 (full 0):
 garbage-first heap   total 262144K, used 149377K [0x00000000c0000000, 0x00000000c0100800, 0x0000000100000000)
  region size 1024K, 29 young (29696K), 2 survivors (2048K)
 Metaspace       used 159813K, capacity 177300K, committed 177648K, reserved 1202176K
  class space    used 19963K, capacity 24772K, committed 24872K, reserved 1048576K
Event: 1944,188 GC heap after
Heap after GC invocations=47 (full 0):
 garbage-first heap   total 262144K, used 123531K [0x00000000c0000000, 0x00000000c0100800, 0x0000000100000000)
  region size 1024K, 3 young (3072K), 3 survivors (3072K)
 Metaspace       used 159813K, capacity 177300K, committed 177648K, reserved 1202176K
  class space    used 19963K, capacity 24772K, committed 24872K, reserved 1048576K
}

