# JRE version: OpenJDK Runtime Environment (8.0_191-b12) (build 1.8.0_191-8u191-b12-2ubuntu0.16.04.1-b12)
# Java VM: OpenJDK 64-Bit Server VM (25.191-b12 mixed mode linux-amd64 compressed oops)
Heap:
 garbage-first heap   total 266240K, used 210196K [0x00000000c0000000, 0x00000000c0100820, 0x0000000100000000)
  region size 1024K, 25 young (25600K), 4 survivors (4096K)
 Metaspace       used 170868K, capacity 188536K, committed 189124K, reserved 1212416K
  class space    used 21494K, capacity 26862K, committed 27076K, reserved 1048576K
GC Heap History (10 events):
Event: 528,891 GC heap before
{Heap before GC invocations=53 (full 0):
 garbage-first heap   total 266240K, used 234684K [0x00000000c0000000, 0x00000000c0100820, 0x0000000100000000)
  region size 1024K, 82 young (83968K), 2 survivors (2048K)
 Metaspace       used 163537K, capacity 181200K, committed 181316K, reserved 1204224K
  class space    used 20547K, capacity 25922K, committed 25924K, reserved 1048576K
Event: 528,914 GC heap after
Heap after GC invocations=54 (full 0):
 garbage-first heap   total 266240K, used 154280K [0x00000000c0000000, 0x00000000c0100820, 0x0000000100000000)
  region size 1024K, 4 young (4096K), 4 survivors (4096K)
 Metaspace       used 163537K, capacity 181200K, committed 181316K, reserved 1204224K
  class space    used 20547K, capacity 25922K, committed 25924K, reserved 1048576K
}
Event: 538,157 GC heap before
{Heap before GC invocations=54 (full 0):
 garbage-first heap   total 266240K, used 234152K [0x00000000c0000000, 0x00000000c0100820, 0x0000000100000000)
  region size 1024K, 82 young (83968K), 4 survivors (4096K)
 Metaspace       used 169885K, capacity 187968K, committed 188228K, reserved 1210368K
  class space    used 21432K, capacity 26867K, committed 26948K, reserved 1048576K
Event: 538,182 GC heap after
Heap after GC invocations=55 (full 0):
 garbage-first heap   total 266240K, used 164104K [0x00000000c0000000, 0x00000000c0100820, 0x0000000100000000)
  region size 1024K, 11 young (11264K), 11 survivors (11264K)
 Metaspace       used 169885K, capacity 187968K, committed 188228K, reserved 1210368K
  class space    used 21432K, capacity 26867K, committed 26948K, reserved 1048576K
}
Event: 1216,175 GC heap before
{Heap before GC invocations=56 (full 0):
 garbage-first heap   total 266240K, used 227592K [0x00000000c0000000, 0x00000000c0100820, 0x0000000100000000)
  region size 1024K, 73 young (74752K), 11 survivors (11264K)
 Metaspace       used 170020K, capacity 188128K, committed 188484K, reserved 1210368K
  class space    used 21443K, capacity 26899K, committed 26948K, reserved 1048576K
Event: 1216,197 GC heap after
Heap after GC invocations=57 (full 0):
 garbage-first heap   total 266240K, used 161544K [0x00000000c0000000, 0x00000000c0100820, 0x0000000100000000)
  region size 1024K, 9 young (9216K), 9 survivors (9216K)
 Metaspace       used 170020K, capacity 188128K, committed 188484K, reserved 1210368K
  class space    used 21443K, capacity 26899K, committed 26948K, reserved 1048576K
}
Event: 1471,397 GC heap before
{Heap before GC invocations=57 (full 0):
 garbage-first heap   total 266240K, used 165640K [0x00000000c0000000, 0x00000000c0100820, 0x0000000100000000)
  region size 1024K, 13 young (13312K), 9 survivors (9216K)
 Metaspace       used 170024K, capacity 188128K, committed 188484K, reserved 1210368K
  class space    used 21443K, capacity 26899K, committed 26948K, reserved 1048576K
Event: 1471,434 GC heap after
Heap after GC invocations=58 (full 0):
 garbage-first heap   total 266240K, used 155200K [0x00000000c0000000, 0x00000000c0100820, 0x0000000100000000)
  region size 1024K, 2 young (2048K), 2 survivors (2048K)
 Metaspace       used 170024K, capacity 188128K, committed 188484K, reserved 1210368K
  class space    used 21443K, capacity 26899K, committed 26948K, reserved 1048576K
}
Event: 1475,189 GC heap before
{Heap before GC invocations=58 (full 0):
 garbage-first heap   total 266240K, used 202304K [0x00000000c0000000, 0x00000000c0100820, 0x0000000100000000)
  region size 1024K, 49 young (50176K), 2 survivors (2048K)
 Metaspace       used 170824K, capacity 188752K, committed 188868K, reserved 1210368K
  class space    used 21538K, capacity 27037K, committed 27076K, reserved 1048576K
Event: 1475,215 GC heap after
Heap after GC invocations=59 (full 0):
 garbage-first heap   total 266240K, used 156489K [0x00000000c0000000, 0x00000000c0100820, 0x0000000100000000)
  region size 1024K, 4 young (4096K), 4 survivors (4096K)
 Metaspace       used 170824K, capacity 188752K, committed 188868K, reserved 1210368K
  class space    used 21538K, capacity 27037K, committed 27076K, reserved 1048576K
}

