# JRE version: OpenJDK Runtime Environment (8.0_191-b12) (build 1.8.0_191-8u191-b12-2ubuntu0.16.04.1-b12)
# Java VM: OpenJDK 64-Bit Server VM (25.191-b12 mixed mode linux-amd64 compressed oops)
Heap:
 garbage-first heap   total 271360K, used 191286K [0x00000000c0000000, 0x00000000c0100848, 0x0000000100000000)
  region size 1024K, 23 young (23552K), 4 survivors (4096K)
 Metaspace       used 134829K, capacity 150050K, committed 150444K, reserved 1179648K
  class space    used 16357K, capacity 20799K, committed 20940K, reserved 1048576K
GC Heap History (10 events):
Event: 64,253 GC heap before
{Heap before GC invocations=29 (full 0):
 garbage-first heap   total 271360K, used 150066K [0x00000000c0000000, 0x00000000c0100848, 0x0000000100000000)
  region size 1024K, 13 young (13312K), 10 survivors (10240K)
 Metaspace       used 132768K, capacity 147452K, committed 147628K, reserved 1175552K
  class space    used 16213K, capacity 20684K, committed 20684K, reserved 1048576K
Event: 64,293 GC heap after
Heap after GC invocations=30 (full 0):
 garbage-first heap   total 271360K, used 139264K [0x00000000c0000000, 0x00000000c0100848, 0x0000000100000000)
  region size 1024K, 2 young (2048K), 2 survivors (2048K)
 Metaspace       used 132768K, capacity 147452K, committed 147628K, reserved 1175552K
  class space    used 16213K, capacity 20684K, committed 20684K, reserved 1048576K
}
Event: 66,986 GC heap before
{Heap before GC invocations=30 (full 0):
 garbage-first heap   total 271360K, used 180224K [0x00000000c0000000, 0x00000000c0100848, 0x0000000100000000)
  region size 1024K, 43 young (44032K), 2 survivors (2048K)
 Metaspace       used 132922K, capacity 147612K, committed 147756K, reserved 1175552K
  class space    used 16214K, capacity 20716K, committed 20812K, reserved 1048576K
Event: 67,013 GC heap after
Heap after GC invocations=31 (full 0):
 garbage-first heap   total 271360K, used 142014K [0x00000000c0000000, 0x00000000c0100848, 0x0000000100000000)
  region size 1024K, 5 young (5120K), 5 survivors (5120K)
 Metaspace       used 132922K, capacity 147612K, committed 147756K, reserved 1175552K
  class space    used 16214K, capacity 20716K, committed 20812K, reserved 1048576K
}
Event: 91,843 GC heap before
{Heap before GC invocations=32 (full 0):
 garbage-first heap   total 271360K, used 241854K [0x00000000c0000000, 0x00000000c0100848, 0x0000000100000000)
  region size 1024K, 95 young (97280K), 5 survivors (5120K)
 Metaspace       used 133112K, capacity 147908K, committed 148268K, reserved 1177600K
  class space    used 16233K, capacity 20725K, committed 20812K, reserved 1048576K
Event: 91,858 GC heap after
Heap after GC invocations=33 (full 0):
 garbage-first heap   total 271360K, used 143260K [0x00000000c0000000, 0x00000000c0100848, 0x0000000100000000)
  region size 1024K, 7 young (7168K), 7 survivors (7168K)
 Metaspace       used 133112K, capacity 147908K, committed 148268K, reserved 1177600K
  class space    used 16233K, capacity 20725K, committed 20812K, reserved 1048576K
}
Event: 92,522 GC heap before
{Heap before GC invocations=33 (full 0):
 garbage-first heap   total 271360K, used 149404K [0x00000000c0000000, 0x00000000c0100848, 0x0000000100000000)
  region size 1024K, 13 young (13312K), 7 survivors (7168K)
 Metaspace       used 133407K, capacity 148270K, committed 148524K, reserved 1177600K
  class space    used 16270K, capacity 20803K, committed 20812K, reserved 1048576K
Event: 92,542 GC heap after
Heap after GC invocations=34 (full 0):
 garbage-first heap   total 271360K, used 139981K [0x00000000c0000000, 0x00000000c0100848, 0x0000000100000000)
  region size 1024K, 2 young (2048K), 2 survivors (2048K)
 Metaspace       used 133407K, capacity 148270K, committed 148524K, reserved 1177600K
  class space    used 16270K, capacity 20803K, committed 20812K, reserved 1048576K
}
Event: 94,628 GC heap before
{Heap before GC invocations=34 (full 0):
 garbage-first heap   total 271360K, used 173773K [0x00000000c0000000, 0x00000000c0100848, 0x0000000100000000)
  region size 1024K, 36 young (36864K), 2 survivors (2048K)
 Metaspace       used 134644K, capacity 149626K, committed 149932K, reserved 1177600K
  class space    used 16374K, capacity 20883K, committed 20940K, reserved 1048576K
Event: 94,646 GC heap after
Heap after GC invocations=35 (full 0):
 garbage-first heap   total 271360K, used 141815K [0x00000000c0000000, 0x00000000c0100848, 0x0000000100000000)
  region size 1024K, 4 young (4096K), 4 survivors (4096K)
 Metaspace       used 134644K, capacity 149626K, committed 149932K, reserved 1177600K
  class space    used 16374K, capacity 20883K, committed 20940K, reserved 1048576K
}

