# JRE version: OpenJDK Runtime Environment (8.0_191-b12) (build 1.8.0_191-8u191-b12-2ubuntu0.16.04.1-b12)
# Java VM: OpenJDK 64-Bit Server VM (25.191-b12 mixed mode linux-amd64 compressed oops)
Heap:
 garbage-first heap   total 271360K, used 197355K [0x00000000c0000000, 0x00000000c0100848, 0x0000000100000000)
  region size 1024K, 34 young (34816K), 12 survivors (12288K)
 Metaspace       used 128249K, capacity 142716K, committed 143044K, reserved 1173504K
  class space    used 15679K, capacity 19802K, committed 19908K, reserved 1048576K
GC Heap History (10 events):
Event: 1960,002 GC heap before
{Heap before GC invocations=22 (full 0):
 garbage-first heap   total 271360K, used 182356K [0x00000000c0000000, 0x00000000c0100848, 0x0000000100000000)
  region size 1024K, 59 young (60416K), 2 survivors (2048K)
 Metaspace       used 113631K, capacity 126160K, committed 126404K, reserved 1159168K
  class space    used 13892K, capacity 17500K, committed 17604K, reserved 1048576K
Event: 1960,011 GC heap after
Heap after GC invocations=23 (full 0):
 garbage-first heap   total 271360K, used 127414K [0x00000000c0000000, 0x00000000c0100848, 0x0000000100000000)
  region size 1024K, 5 young (5120K), 5 survivors (5120K)
 Metaspace       used 113631K, capacity 126160K, committed 126404K, reserved 1159168K
  class space    used 13892K, capacity 17500K, committed 17604K, reserved 1048576K
}
Event: 1960,509 GC heap before
{Heap before GC invocations=24 (full 0):
 garbage-first heap   total 271360K, used 227709K [0x00000000c0000000, 0x00000000c0100848, 0x0000000100000000)
  region size 1024K, 101 young (103424K), 5 survivors (5120K)
 Metaspace       used 114781K, capacity 127468K, committed 127684K, reserved 1159168K
  class space    used 14067K, capacity 17771K, committed 17860K, reserved 1048576K
Event: 1960,526 GC heap after
Heap after GC invocations=25 (full 0):
 garbage-first heap   total 271360K, used 127399K [0x00000000c0000000, 0x00000000c0100848, 0x0000000100000000)
  region size 1024K, 7 young (7168K), 7 survivors (7168K)
 Metaspace       used 114781K, capacity 127468K, committed 127684K, reserved 1159168K
  class space    used 14067K, capacity 17771K, committed 17860K, reserved 1048576K
}
Event: 1960,560 GC heap before
{Heap before GC invocations=25 (full 0):
 garbage-first heap   total 271360K, used 133543K [0x00000000c0000000, 0x00000000c0100848, 0x0000000100000000)
  region size 1024K, 13 young (13312K), 7 survivors (7168K)
 Metaspace       used 114868K, capacity 127570K, committed 127684K, reserved 1159168K
  class space    used 14091K, capacity 17804K, committed 17860K, reserved 1048576K
Event: 1960,588 GC heap after
Heap after GC invocations=26 (full 0):
 garbage-first heap   total 271360K, used 117534K [0x00000000c0000000, 0x00000000c0100848, 0x0000000100000000)
  region size 1024K, 2 young (2048K), 2 survivors (2048K)
 Metaspace       used 114868K, capacity 127570K, committed 127684K, reserved 1159168K
  class space    used 14091K, capacity 17804K, committed 17860K, reserved 1048576K
}
Event: 1961,707 GC heap before
{Heap before GC invocations=26 (full 0):
 garbage-first heap   total 271360K, used 227102K [0x00000000c0000000, 0x00000000c0100848, 0x0000000100000000)
  region size 1024K, 110 young (112640K), 2 survivors (2048K)
 Metaspace       used 122369K, capacity 135918K, committed 136004K, reserved 1167360K
  class space    used 15033K, capacity 18984K, committed 19012K, reserved 1048576K
Event: 1961,751 GC heap after
Heap after GC invocations=27 (full 0):
 garbage-first heap   total 271360K, used 134228K [0x00000000c0000000, 0x00000000c0100848, 0x0000000100000000)
  region size 1024K, 14 young (14336K), 14 survivors (14336K)
 Metaspace       used 122369K, capacity 135918K, committed 136004K, reserved 1167360K
  class space    used 15033K, capacity 18984K, committed 19012K, reserved 1048576K
}
Event: 1964,291 GC heap before
{Heap before GC invocations=27 (full 0):
 garbage-first heap   total 271360K, used 211907K [0x00000000c0000000, 0x00000000c0100848, 0x0000000100000000)
  region size 1024K, 90 young (92160K), 14 survivors (14336K)
 Metaspace       used 127963K, capacity 142144K, committed 142404K, reserved 1171456K
  class space    used 15652K, capacity 19769K, committed 19780K, reserved 1048576K
Event: 1964,361 GC heap after
Heap after GC invocations=28 (full 0):
 garbage-first heap   total 271360K, used 143299K [0x00000000c0000000, 0x00000000c0100848, 0x0000000100000000)
  region size 1024K, 12 young (12288K), 12 survivors (12288K)
 Metaspace       used 127963K, capacity 142144K, committed 142404K, reserved 1171456K
  class space    used 15652K, capacity 19769K, committed 19780K, reserved 1048576K
}

