# JRE version: OpenJDK Runtime Environment (8.0_191-b12) (build 1.8.0_191-8u191-b12-2ubuntu0.16.04.1-b12)
# Java VM: OpenJDK 64-Bit Server VM (25.191-b12 mixed mode linux-amd64 compressed oops)
Heap:
 garbage-first heap   total 262144K, used 162013K [0x00000000c0000000, 0x00000000c0100800, 0x0000000100000000)
  region size 1024K, 12 young (12288K), 2 survivors (2048K)
 Metaspace       used 184274K, capacity 202858K, committed 203596K, reserved 1224704K
  class space    used 23095K, capacity 28595K, committed 28748K, reserved 1048576K
GC Heap History (10 events):
Event: 1535,866 GC heap before
{Heap before GC invocations=87 (full 0):
 garbage-first heap   total 262144K, used 170629K [0x00000000c0000000, 0x00000000c0100800, 0x0000000100000000)
  region size 1024K, 12 young (12288K), 6 survivors (6144K)
 Metaspace       used 183386K, capacity 202066K, committed 202188K, reserved 1222656K
  class space    used 23022K, capacity 28561K, committed 28620K, reserved 1048576K
Event: 1535,884 GC heap after
Heap after GC invocations=88 (full 0):
 garbage-first heap   total 262144K, used 162169K [0x00000000c0000000, 0x00000000c0100800, 0x0000000100000000)
  region size 1024K, 2 young (2048K), 2 survivors (2048K)
 Metaspace       used 183386K, capacity 202066K, committed 202188K, reserved 1222656K
  class space    used 23022K, capacity 28561K, committed 28620K, reserved 1048576K
}
Event: 1546,151 GC heap before
{Heap before GC invocations=88 (full 0):
 garbage-first heap   total 262144K, used 230777K [0x00000000c0000000, 0x00000000c0100800, 0x0000000100000000)
  region size 1024K, 69 young (70656K), 2 survivors (2048K)
 Metaspace       used 183439K, capacity 202194K, committed 202444K, reserved 1222656K
  class space    used 23022K, capacity 28561K, committed 28620K, reserved 1048576K
Event: 1546,175 GC heap after
Heap after GC invocations=89 (full 0):
 garbage-first heap   total 262144K, used 161406K [0x00000000c0000000, 0x00000000c0100800, 0x0000000100000000)
  region size 1024K, 2 young (2048K), 2 survivors (2048K)
 Metaspace       used 183439K, capacity 202194K, committed 202444K, reserved 1222656K
  class space    used 23022K, capacity 28561K, committed 28620K, reserved 1048576K
}
Event: 1553,570 GC heap before
{Heap before GC invocations=89 (full 0):
 garbage-first heap   total 262144K, used 230014K [0x00000000c0000000, 0x00000000c0100800, 0x0000000100000000)
  region size 1024K, 69 young (70656K), 2 survivors (2048K)
 Metaspace       used 183527K, capacity 202326K, committed 202444K, reserved 1222656K
  class space    used 23024K, capacity 28561K, committed 28620K, reserved 1048576K
Event: 1553,582 GC heap after
Heap after GC invocations=90 (full 0):
 garbage-first heap   total 262144K, used 161214K [0x00000000c0000000, 0x00000000c0100800, 0x0000000100000000)
  region size 1024K, 2 young (2048K), 2 survivors (2048K)
 Metaspace       used 183527K, capacity 202326K, committed 202444K, reserved 1222656K
  class space    used 23024K, capacity 28561K, committed 28620K, reserved 1048576K
}
Event: 1559,392 GC heap before
{Heap before GC invocations=91 (full 0):
 garbage-first heap   total 262144K, used 237812K [0x00000000c0000000, 0x00000000c0100800, 0x0000000100000000)
  region size 1024K, 70 young (71680K), 2 survivors (2048K)
 Metaspace       used 183897K, capacity 202450K, committed 203084K, reserved 1224704K
  class space    used 23046K, capacity 28548K, committed 28748K, reserved 1048576K
Event: 1559,411 GC heap after
Heap after GC invocations=92 (full 0):
 garbage-first heap   total 262144K, used 163413K [0x00000000c0000000, 0x00000000c0100800, 0x0000000100000000)
  region size 1024K, 4 young (4096K), 4 survivors (4096K)
 Metaspace       used 183897K, capacity 202450K, committed 203084K, reserved 1224704K
  class space    used 23046K, capacity 28548K, committed 28748K, reserved 1048576K
}
Event: 1559,820 GC heap before
{Heap before GC invocations=92 (full 0):
 garbage-first heap   total 262144K, used 197931K [0x00000000c0000000, 0x00000000c0100800, 0x0000000100000000)
  region size 1024K, 12 young (12288K), 4 survivors (4096K)
 Metaspace       used 183989K, capacity 202598K, committed 203340K, reserved 1224704K
  class space    used 23065K, capacity 28552K, committed 28748K, reserved 1048576K
Event: 1559,883 GC heap after
Heap after GC invocations=93 (full 0):
 garbage-first heap   total 262144K, used 152797K [0x00000000c0000000, 0x00000000c0100800, 0x0000000100000000)
  region size 1024K, 2 young (2048K), 2 survivors (2048K)
 Metaspace       used 183989K, capacity 202598K, committed 203340K, reserved 1224704K
  class space    used 23065K, capacity 28552K, committed 28748K, reserved 1048576K
}

